{"name": "test_001", "status": "failed", "statusDetails": {"message": "AssertionError: assert 2 == 1\n  +2\n  -1", "trace": "self = <com.yang.practice100.POM.TestSuites.test_demo.TestClass object at 0x000001AEA1166B50>\nselenium = <selenium.webdriver.chrome.webdriver.WebDriver (session=\"b5188bd95a9755773c0d8d9daa5323d7\")>\n\n    def test_001(self,selenium:SeleniumAdapter):\n        print('Test_01下的用例001登陆')\n        SeleniumAdapter(driver=\"chrome\")\n>       assert  2 == 1\nE       assert 2 == 1\nE         +2\nE         -1\n\nTestSuites\\test_demo.py:45: AssertionError"}, "attachments": [{"name": "log", "source": "e2a9eec2-ee83-442c-badd-63268b6ee491-attachment.txt", "type": "text/plain"}], "start": 1666668693384, "stop": 1666668693387, "uuid": "1b086d66-0997-4ef0-94de-1ff6e6ba5575", "historyId": "68bddf81095f728ef88704d1abb6ece8", "testCaseId": "5e7e8fb35c22c71cd4a95054356e876f", "fullName": "test_demo.TestClass#test_001", "labels": [{"name": "suite", "value": "test_demo"}, {"name": "subSuite", "value": "TestClass"}, {"name": "host", "value": "DESKTOP-FOQS77R"}, {"name": "thread", "value": "10200-MainThread"}, {"name": "framework", "value": "pytest"}, {"name": "language", "value": "cpython3"}, {"name": "package", "value": "test_demo"}]}